<?xml version="1.0" encoding="UTF-8"?>
<testng-results ignored="0" total="1" passed="0" failed="1" skipped="0">
  <reporter-output>
    <line>
      <![CDATA[ReadingURLfrom properties file]]>
    </line>
    <line>
      <![CDATA[Browser is launched]]>
    </line>
    <line>
      <![CDATA[Clicked on radio button]]>
    </line>
    <line>
      <![CDATA[Selected the city]]>
    </line>
  </reporter-output>
  <suite started-at="2025-04-19T15:57:44 IST" name="Suite" finished-at="2025-04-19T15:57:57 IST" duration-ms="13045">
    <groups>
    </groups>
    <test started-at="2025-04-19T15:57:44 IST" name="Test" finished-at="2025-04-19T15:57:57 IST" duration-ms="13045">
      <class name="com.AmericanAirline_TestNG.AmericanairlineTestNG">
        <test-method is-config="true" signature="launchbrowser()[pri:0, instance:com.AmericanAirline_TestNG.AmericanairlineTestNG@62ddbd7e]" started-at="2025-04-19T15:57:44 IST" name="launchbrowser" finished-at="2025-04-19T15:57:51 IST" duration-ms="7630" status="PASS">
          <reporter-output>
            <line>
              <![CDATA[ReadingURLfrom properties file]]>
            </line>
            <line>
              <![CDATA[Browser is launched]]>
            </line>
          </reporter-output>
        </test-method> <!-- launchbrowser -->
        <test-method signature="validate()[pri:0, instance:com.AmericanAirline_TestNG.AmericanairlineTestNG@62ddbd7e]" started-at="2025-04-19T15:57:51 IST" name="validate" finished-at="2025-04-19T15:57:57 IST" duration-ms="5379" status="FAIL">
          <exception class="org.openqa.selenium.ElementNotInteractableException">
            <message>
              <![CDATA[element not interactable
  (Session info: chrome=135.0.7049.96)
Build info: version: '4.31.0', revision: '1ef9f18787*'
System info: os.name: 'Windows 10', os.arch: 'amd64', os.version: '10.0', java.version: '21.0.5'
Driver info: org.openqa.selenium.chrome.ChromeDriver
Command: [4d5dd4ce244dd0014d8a65715cce43dd, clickElement {id=f.2E2277240B9AF4DE5A74D64DA5E631AF.d.606FA66C2474BEFAB67017CA7E31052E.e.103}]
Capabilities {acceptInsecureCerts: false, browserName: chrome, browserVersion: 135.0.7049.96, chrome: {chromedriverVersion: 135.0.7049.95 (de2eb485a195..., userDataDir: C:\Users\chauh\AppData\Loca...}, fedcm:accounts: true, goog:chromeOptions: {debuggerAddress: localhost:52549}, networkConnectionEnabled: false, pageLoadStrategy: normal, platformName: windows, proxy: Proxy(), se:cdp: ws://localhost:52549/devtoo..., se:cdpVersion: 135.0.7049.96, setWindowRect: true, strictFileInteractability: false, timeouts: {implicit: 0, pageLoad: 300000, script: 30000}, unhandledPromptBehavior: dismiss and notify, webauthn:extension:credBlob: true, webauthn:extension:largeBlob: true, webauthn:extension:minPinLength: true, webauthn:extension:prf: true, webauthn:virtualAuthenticators: true}
Element: [[ChromeDriver: chrome on windows (4d5dd4ce244dd0014d8a65715cce43dd)] -> xpath: //ul[@id='ui-id-1']/li[1]/a]
Session ID: 4d5dd4ce244dd0014d8a65715cce43dd]]>
            </message>
            <full-stacktrace>
              <![CDATA[org.openqa.selenium.ElementNotInteractableException: element not interactable
  (Session info: chrome=135.0.7049.96)
Build info: version: '4.31.0', revision: '1ef9f18787*'
System info: os.name: 'Windows 10', os.arch: 'amd64', os.version: '10.0', java.version: '21.0.5'
Driver info: org.openqa.selenium.chrome.ChromeDriver
Command: [4d5dd4ce244dd0014d8a65715cce43dd, clickElement {id=f.2E2277240B9AF4DE5A74D64DA5E631AF.d.606FA66C2474BEFAB67017CA7E31052E.e.103}]
Capabilities {acceptInsecureCerts: false, browserName: chrome, browserVersion: 135.0.7049.96, chrome: {chromedriverVersion: 135.0.7049.95 (de2eb485a195..., userDataDir: C:\Users\chauh\AppData\Loca...}, fedcm:accounts: true, goog:chromeOptions: {debuggerAddress: localhost:52549}, networkConnectionEnabled: false, pageLoadStrategy: normal, platformName: windows, proxy: Proxy(), se:cdp: ws://localhost:52549/devtoo..., se:cdpVersion: 135.0.7049.96, setWindowRect: true, strictFileInteractability: false, timeouts: {implicit: 0, pageLoad: 300000, script: 30000}, unhandledPromptBehavior: dismiss and notify, webauthn:extension:credBlob: true, webauthn:extension:largeBlob: true, webauthn:extension:minPinLength: true, webauthn:extension:prf: true, webauthn:virtualAuthenticators: true}
Element: [[ChromeDriver: chrome on windows (4d5dd4ce244dd0014d8a65715cce43dd)] -> xpath: //ul[@id='ui-id-1']/li[1]/a]
Session ID: 4d5dd4ce244dd0014d8a65715cce43dd
at java.base/jdk.internal.reflect.DirectConstructorHandleAccessor.newInstance(DirectConstructorHandleAccessor.java:62)
at java.base/java.lang.reflect.Constructor.newInstanceWithCaller(Constructor.java:502)
at java.base/java.lang.reflect.Constructor.newInstance(Constructor.java:486)
at org.openqa.selenium.remote.ErrorCodec.decode(ErrorCodec.java:167)
at org.openqa.selenium.remote.codec.w3c.W3CHttpResponseCodec.decode(W3CHttpResponseCodec.java:138)
at org.openqa.selenium.remote.codec.w3c.W3CHttpResponseCodec.decode(W3CHttpResponseCodec.java:50)
at org.openqa.selenium.remote.HttpCommandExecutor.execute(HttpCommandExecutor.java:215)
at org.openqa.selenium.remote.service.DriverCommandExecutor.invokeExecute(DriverCommandExecutor.java:216)
at org.openqa.selenium.remote.service.DriverCommandExecutor.execute(DriverCommandExecutor.java:174)
at org.openqa.selenium.remote.RemoteWebDriver.execute(RemoteWebDriver.java:545)
at org.openqa.selenium.remote.RemoteWebElement.execute(RemoteWebElement.java:223)
at org.openqa.selenium.remote.RemoteWebElement.click(RemoteWebElement.java:76)
at java.base/jdk.internal.reflect.DirectMethodHandleAccessor.invoke(DirectMethodHandleAccessor.java:103)
at java.base/java.lang.reflect.Method.invoke(Method.java:580)
at org.openqa.selenium.support.pagefactory.internal.LocatingElementHandler.invoke(LocatingElementHandler.java:51)
at jdk.proxy2/jdk.proxy2.$Proxy11.click(Unknown Source)
at com.AmericanAirline_POM.indexPage.select(indexPage.java:46)
at com.AmericanAirline_TestNG.AmericanairlineTestNG.validate(AmericanairlineTestNG.java:43)
at java.base/jdk.internal.reflect.DirectMethodHandleAccessor.invoke(DirectMethodHandleAccessor.java:103)
at java.base/java.lang.reflect.Method.invoke(Method.java:580)
at org.testng.internal.invokers.MethodInvocationHelper.invokeMethod(MethodInvocationHelper.java:141)
at org.testng.internal.invokers.TestInvoker.invokeMethod(TestInvoker.java:687)
at org.testng.internal.invokers.TestInvoker.invokeTestMethod(TestInvoker.java:230)
at org.testng.internal.invokers.MethodRunner.runInSequence(MethodRunner.java:63)
at org.testng.internal.invokers.TestInvoker$MethodInvocationAgent.invoke(TestInvoker.java:995)
at org.testng.internal.invokers.TestInvoker.invokeTestMethods(TestInvoker.java:203)
at org.testng.internal.invokers.TestMethodWorker.invokeTestMethods(TestMethodWorker.java:154)
at org.testng.internal.invokers.TestMethodWorker.run(TestMethodWorker.java:134)
at java.base/java.util.ArrayList.forEach(ArrayList.java:1596)
at org.testng.TestRunner.privateRun(TestRunner.java:741)
at org.testng.TestRunner.run(TestRunner.java:616)
at org.testng.SuiteRunner.runTest(SuiteRunner.java:421)
at org.testng.SuiteRunner.runSequentially(SuiteRunner.java:413)
at org.testng.SuiteRunner.privateRun(SuiteRunner.java:373)
at org.testng.SuiteRunner.run(SuiteRunner.java:312)
at org.testng.SuiteRunnerWorker.runSuite(SuiteRunnerWorker.java:52)
at org.testng.SuiteRunnerWorker.run(SuiteRunnerWorker.java:95)
at org.testng.TestNG.runSuitesSequentially(TestNG.java:1274)
at org.testng.TestNG.runSuitesLocally(TestNG.java:1208)
at org.testng.TestNG.runSuites(TestNG.java:1112)
at org.testng.TestNG.run(TestNG.java:1079)
at org.testng.remote.AbstractRemoteTestNG.run(AbstractRemoteTestNG.java:115)
at org.testng.remote.RemoteTestNG.initAndRun(RemoteTestNG.java:293)
at org.testng.remote.RemoteTestNG.main(RemoteTestNG.java:91)
]]>
            </full-stacktrace>
          </exception> <!-- org.openqa.selenium.ElementNotInteractableException -->
          <reporter-output>
            <line>
              <![CDATA[Clicked on radio button]]>
            </line>
            <line>
              <![CDATA[Selected the city]]>
            </line>
          </reporter-output>
        </test-method> <!-- validate -->
      </class> <!-- com.AmericanAirline_TestNG.AmericanairlineTestNG -->
    </test> <!-- Test -->
  </suite> <!-- Suite -->
</testng-results>
