<?xml version="1.0" encoding="UTF-8"?>
<!-- Generated by org.testng.reporters.JUnitReportReporter -->
<testsuite hostname="DESKTOP-33A3NNV" failures="0" tests="1" name="com.AmericanAirline_TestNG.AmericanairlineTestNG" time="80.168" errors="0" timestamp="2025-04-22T11:42:36 IST" skipped="0">
  <testcase classname="com.AmericanAirline_TestNG.AmericanairlineTestNG" name="validate" time="80.168">
    <system-out>
      <![CDATA[Clicked on radio button
Selected the city
Selected the from city from UL list
Selected the city2 from UL list
Selected the to city from UL list
Selected the persons travel from list
Selected child
Selected calender
Selected date
Clicked on searched
Sorted
Sorted UL 
Clicked on webelement
Clicked on continue button on booking page
Selected gender
Entered first name
Enter lastname
Selected day
Selected month
Selected year
Enter email
Email confirmed
Selected code
Entered mobile number
click on continue button
Browser is closed]]>
    </system-out>
  </testcase> <!-- validate -->
  <system-out>
    <![CDATA[ReadingURLfrom properties file
Browser is launched
Clicked on radio button
Selected the city
Selected the from city from UL list
Selected the city2 from UL list
Selected the to city from UL list
Selected the persons travel from list
Selected child
Selected calender
Selected date
Clicked on searched
Sorted
Sorted UL 
Clicked on webelement
Clicked on continue button on booking page
Selected gender
Entered first name
Enter lastname
Selected day
Selected month
Selected year
Enter email
Email confirmed
Selected code
Entered mobile number
click on continue button
Browser is closed]]>
  </system-out>
</testsuite> <!-- com.AmericanAirline_TestNG.AmericanairlineTestNG -->
